#
# There is insufficient memory for the Java Runtime Environment to continue.
# Native memory allocation (mmap) failed to map 46137344 bytes for G1 virtual space
# Possible reasons:
#   The system is out of physical RAM or swap space
#   The process is running with CompressedOops enabled, and the Java Heap may be blocking the growth of the native heap
# Possible solutions:
#   Reduce memory load on the system
#   Increase physical memory or swap space
#   Check if swap backing store is full
#   Decrease Java heap size (-Xmx/-Xms)
#   Decrease number of Java threads
#   Decrease Java thread stack sizes (-Xss)
#   Set larger code cache with -XX:ReservedCodeCacheSize=
#   JVM is running with Unscaled Compressed Oops mode in which the Java heap is
#     placed in the first 4GB address space. The Java Heap base address is the
#     maximum limit for the native heap growth. Please use -XX:HeapBaseMinAddress
#     to set the Java Heap base and to place the Java Heap above 4GB virtual address.
# This output file may be truncated or incomplete.
#
#  Out of Memory Error (os_windows.cpp:3769), pid=12396, tid=6108
#
# JRE version: OpenJDK Runtime Environment (17.0.6) (build 17.0.6+0-b2043.56-9586694)
# Java VM: OpenJDK 64-Bit Server VM (17.0.6+0-b2043.56-9586694, mixed mode, tiered, compressed oops, compressed class ptrs, g1 gc, windows-amd64)
# No core dump will be written. Minidumps are not enabled by default on client versions of Windows
#

---------------  S U M M A R Y ------------

Command Line: --add-opens=java.base/java.util.concurrent.atomic=ALL-UNNAMED -javaagent:D:\App\Android\plugins\android\resources\trace_agent.jar=C:\Users\AURELI~1\AppData\Local\Temp\sync.trace.profile --add-opens=java.base/java.util=ALL-UNNAMED --add-opens=java.base/java.lang=ALL-UNNAMED --add-opens=java.base/java.lang.invoke=ALL-UNNAMED --add-opens=java.prefs/java.util.prefs=ALL-UNNAMED --add-opens=java.base/java.nio.charset=ALL-UNNAMED --add-opens=java.base/java.net=ALL-UNNAMED --add-opens=java.base/java.util.concurrent.atomic=ALL-UNNAMED -Xmx2048m -Dfile.encoding=UTF-8 -Duser.country=RU -Duser.language=ru -Duser.variant org.gradle.launcher.daemon.bootstrap.GradleDaemon 8.0

Host: Intel(R) Core(TM) i5-4200U CPU @ 1.60GHz, 4 cores, 5G,  Windows 10 , 64 bit Build 19041 (10.0.19041.3031)
Time: Sat Jul 15 02:01:20 2023 RTZ 2 (s 10 , 64 bit Build 19041 (10.0.19041.3031) elapsed time: 41.856490 seconds (0d 0h 0m 41s)

---------------  T H R E A D  ---------------

Current thread (0x0000019e4e1f6f90):  VMThread "VM Thread" [stack: 0x00000083c4500000,0x00000083c4600000] [id=6108]

Stack: [0x00000083c4500000,0x00000083c4600000]
Native frames: (J=compiled Java code, j=interpreted, Vv=VM code, C=native code)
V  [jvm.dll+0x683b4a]
V  [jvm.dll+0x842654]
V  [jvm.dll+0x843dfe]
V  [jvm.dll+0x844463]
V  [jvm.dll+0x249b75]
V  [jvm.dll+0x680a19]
V  [jvm.dll+0x674f0a]
V  [jvm.dll+0x309acb]
V  [jvm.dll+0x310f86]
V  [jvm.dll+0x3608ee]
V  [jvm.dll+0x360b1f]
V  [jvm.dll+0x2dfbf8]
V  [jvm.dll+0x2ddec4]
V  [jvm.dll+0x2dd4cc]
V  [jvm.dll+0x321f3b]
V  [jvm.dll+0x84893b]
V  [jvm.dll+0x849674]
V  [jvm.dll+0x849b8d]
V  [jvm.dll+0x849f64]
V  [jvm.dll+0x84a030]
V  [jvm.dll+0x7f25fa]
V  [jvm.dll+0x682985]
C  [ucrtbase.dll+0x21bb2]
C  [KERNEL32.DLL+0x17614]
C  [ntdll.dll+0x526f1]

VM_Operation (0x00000083c5bf5640): G1CollectForAllocation, mode: safepoint, requested by thread 0x0000019e52b64e40


---------------  P R O C E S S  ---------------

Threads class SMR info:
_java_thread_list=0x0000019e4fec1890, length=39, elements={
0x0000019e34c58e40, 0x0000019e4e1f9ca0, 0x0000019e4e1fab10, 0x0000019e4e259440,
0x0000019e4e23e900, 0x0000019e4e2412c0, 0x0000019e4ec2baa0, 0x0000019e4ec354d0,
0x0000019e4ec0a480, 0x0000019e4ec0a990, 0x0000019e4e195520, 0x0000019e5133c6b0,
0x0000019e529c8af0, 0x0000019e50dff4b0, 0x0000019e52c02650, 0x0000019e52a54010,
0x0000019e532917f0, 0x0000019e52b63b00, 0x0000019e52b64e40, 0x0000019e52b61480,
0x0000019e52b627c0, 0x0000019e52b63fd0, 0x0000019e52b61950, 0x0000019e52b622f0,
0x0000019e52b64970, 0x0000019e52b62c90, 0x0000019e52b644a0, 0x0000019e52b63160,
0x0000019e52b63630, 0x0000019e536c96e0, 0x0000019e536c7ed0, 0x0000019e536c7530,
0x0000019e536c9bb0, 0x0000019e536c8d40, 0x0000019e536caa20, 0x0000019e536c9210,
0x0000019e536ca550, 0x0000019e536c7060, 0x0000019e537507f0
}

Java Threads: ( => current thread )
  0x0000019e34c58e40 JavaThread "main" [_thread_blocked, id=2828, stack(0x00000083c3f00000,0x00000083c4000000)]
  0x0000019e4e1f9ca0 JavaThread "Reference Handler" daemon [_thread_blocked, id=8736, stack(0x00000083c4600000,0x00000083c4700000)]
  0x0000019e4e1fab10 JavaThread "Finalizer" daemon [_thread_blocked, id=6568, stack(0x00000083c4700000,0x00000083c4800000)]
  0x0000019e4e259440 JavaThread "Signal Dispatcher" daemon [_thread_blocked, id=10364, stack(0x00000083c4800000,0x00000083c4900000)]
  0x0000019e4e23e900 JavaThread "Attach Listener" daemon [_thread_blocked, id=2804, stack(0x00000083c4900000,0x00000083c4a00000)]
  0x0000019e4e2412c0 JavaThread "Service Thread" daemon [_thread_blocked, id=12216, stack(0x00000083c4a00000,0x00000083c4b00000)]
  0x0000019e4ec2baa0 JavaThread "Monitor Deflation Thread" daemon [_thread_blocked, id=13308, stack(0x00000083c4b00000,0x00000083c4c00000)]
  0x0000019e4ec354d0 JavaThread "C2 CompilerThread0" daemon [_thread_blocked, id=12952, stack(0x00000083c4c00000,0x00000083c4d00000)]
  0x0000019e4ec0a480 JavaThread "C1 CompilerThread0" daemon [_thread_blocked, id=13964, stack(0x00000083c4d00000,0x00000083c4e00000)]
  0x0000019e4ec0a990 JavaThread "Sweeper thread" daemon [_thread_blocked, id=11676, stack(0x00000083c4e00000,0x00000083c4f00000)]
  0x0000019e4e195520 JavaThread "Common-Cleaner" daemon [_thread_blocked, id=9704, stack(0x00000083c4f00000,0x00000083c5000000)]
  0x0000019e5133c6b0 JavaThread "Notification Thread" daemon [_thread_blocked, id=2820, stack(0x00000083c5100000,0x00000083c5200000)]
  0x0000019e529c8af0 JavaThread "Daemon health stats" [_thread_blocked, id=2212, stack(0x00000083c5600000,0x00000083c5700000)]
  0x0000019e50dff4b0 JavaThread "Incoming local TCP Connector on port 56036" [_thread_in_native, id=9512, stack(0x00000083c5500000,0x00000083c5600000)]
  0x0000019e52c02650 JavaThread "Daemon periodic checks" [_thread_blocked, id=5672, stack(0x00000083c5700000,0x00000083c5800000)]
  0x0000019e52a54010 JavaThread "Daemon" [_thread_blocked, id=7904, stack(0x00000083c5800000,0x00000083c5900000)]
  0x0000019e532917f0 JavaThread "Handler for socket connection from /127.0.0.1:56036 to /127.0.0.1:56037" [_thread_in_native, id=14324, stack(0x00000083c5900000,0x00000083c5a00000)]
  0x0000019e52b63b00 JavaThread "Cancel handler" [_thread_blocked, id=4156, stack(0x00000083c5a00000,0x00000083c5b00000)]
  0x0000019e52b64e40 JavaThread "Daemon worker" [_thread_blocked, id=9776, stack(0x00000083c5b00000,0x00000083c5c00000)]
  0x0000019e52b61480 JavaThread "Asynchronous log dispatcher for DefaultDaemonConnection: socket connection from /127.0.0.1:56036 to /127.0.0.1:56037" [_thread_blocked, id=632, stack(0x00000083c5c00000,0x00000083c5d00000)]
  0x0000019e52b627c0 JavaThread "Stdin handler" [_thread_blocked, id=10072, stack(0x00000083c5d00000,0x00000083c5e00000)]
  0x0000019e52b63fd0 JavaThread "Daemon client event forwarder" [_thread_blocked, id=7520, stack(0x00000083c5e00000,0x00000083c5f00000)]
  0x0000019e52b61950 JavaThread "Cache worker for journal cache (C:\Users\Aurelio Lang\.gradle\caches\journal-1)" [_thread_blocked, id=6400, stack(0x00000083c5f00000,0x00000083c6000000)]
  0x0000019e52b622f0 JavaThread "File lock request listener" [_thread_in_native, id=13360, stack(0x00000083c6000000,0x00000083c6100000)]
  0x0000019e52b64970 JavaThread "Cache worker for file hash cache (C:\Users\Aurelio Lang\.gradle\caches\8.0\fileHashes)" [_thread_blocked, id=14228, stack(0x00000083c6100000,0x00000083c6200000)]
  0x0000019e52b62c90 JavaThread "File watcher server" daemon [_thread_in_native, id=14256, stack(0x00000083c6200000,0x00000083c6300000)]
  0x0000019e52b644a0 JavaThread "File watcher consumer" daemon [_thread_blocked, id=1828, stack(0x00000083c6300000,0x00000083c6400000)]
  0x0000019e52b63160 JavaThread "Cache worker for checksums cache (D:\AppPractic\.gradle\8.0\checksums)" [_thread_blocked, id=13928, stack(0x00000083c6400000,0x00000083c6500000)]
  0x0000019e52b63630 JavaThread "Cache worker for cache directory md-rule (C:\Users\Aurelio Lang\.gradle\caches\8.0\md-rule)" [_thread_blocked, id=1980, stack(0x00000083c6500000,0x00000083c6600000)]
  0x0000019e536c96e0 JavaThread "Cache worker for file content cache (C:\Users\Aurelio Lang\.gradle\caches\8.0\fileContent)" [_thread_blocked, id=14196, stack(0x00000083c6600000,0x00000083c6700000)]
  0x0000019e536c7ed0 JavaThread "Cache worker for file hash cache (D:\AppPractic\.gradle\8.0\fileHashes)" [_thread_blocked, id=13188, stack(0x00000083c6700000,0x00000083c6800000)]
  0x0000019e536c7530 JavaThread "Cache worker for cache directory md-supplier (C:\Users\Aurelio Lang\.gradle\caches\8.0\md-supplier)" [_thread_blocked, id=2788, stack(0x00000083c6800000,0x00000083c6900000)]
  0x0000019e536c9bb0 JavaThread "Cache worker for execution history cache (C:\Users\Aurelio Lang\.gradle\caches\8.0\executionHistory)" [_thread_blocked, id=11204, stack(0x00000083c6900000,0x00000083c6a00000)]
  0x0000019e536c8d40 JavaThread "jar transforms" [_thread_blocked, id=2328, stack(0x00000083c6a00000,0x00000083c6b00000)]
  0x0000019e536caa20 JavaThread "jar transforms Thread 2" [_thread_blocked, id=10580, stack(0x00000083c6b00000,0x00000083c6c00000)]
  0x0000019e536c9210 JavaThread "jar transforms Thread 3" [_thread_blocked, id=12536, stack(0x00000083c6e00000,0x00000083c6f00000)]
  0x0000019e536ca550 JavaThread "jar transforms Thread 4" [_thread_blocked, id=1644, stack(0x00000083c6d00000,0x00000083c6e00000)]
  0x0000019e536c7060 JavaThread "Cache worker for dependencies-accessors (D:\AppPractic\.gradle\8.0\dependencies-accessors)" [_thread_blocked, id=14120, stack(0x00000083c6f00000,0x00000083c7000000)]
  0x0000019e537507f0 JavaThread "Cache worker for Build Output Cleanup Cache (D:\AppPractic\.gradle\buildOutputCleanup)" [_thread_blocked, id=11940, stack(0x00000083c7200000,0x00000083c7300000)]

Other Threads:
=>0x0000019e4e1f6f90 VMThread "VM Thread" [stack: 0x00000083c4500000,0x00000083c4600000] [id=6108]
  0x0000019e4f415bb0 WatcherThread [stack: 0x00000083c5200000,0x00000083c5300000] [id=1752]
  0x0000019e34cb7d30 GCTaskThread "GC Thread#0" [stack: 0x00000083c4000000,0x00000083c4100000] [id=11336]
  0x0000019e34c59df0 GCTaskThread "GC Thread#1" [stack: 0x00000083c5300000,0x00000083c5400000] [id=2056]
  0x0000019e510fb050 GCTaskThread "GC Thread#2" [stack: 0x00000083c5400000,0x00000083c5500000] [id=2912]
  0x0000019e51303a00 GCTaskThread "GC Thread#3" [stack: 0x00000083c5000000,0x00000083c5100000] [id=12108]
  0x0000019e34cc8c70 ConcurrentGCThread "G1 Main Marker" [stack: 0x00000083c4100000,0x00000083c4200000] [id=5112]
  0x0000019e34ccae30 ConcurrentGCThread "G1 Conc#0" [stack: 0x00000083c4200000,0x00000083c4300000] [id=5676]
  0x0000019e4e070090 ConcurrentGCThread "G1 Refine#0" [stack: 0x00000083c4300000,0x00000083c4400000] [id=10020]
  0x0000019e52c4c220 ConcurrentGCThread "G1 Refine#1" [stack: 0x00000083c6c00000,0x00000083c6d00000] [id=12024]
  0x0000019e4e070ab0 ConcurrentGCThread "G1 Service" [stack: 0x00000083c4400000,0x00000083c4500000] [id=11712]

Threads with active compile tasks:
C2 CompilerThread0    42102 6271       4       sun.security.util.DerValue::<init> (446 bytes)

VM state: at safepoint (normal execution)

VM Mutex/Monitor currently owned by a thread:  ([mutex/lock_event])
[0x0000019e34c53900] Threads_lock - owner thread: 0x0000019e4e1f6f90
[0x0000019e34c52550] Heap_lock - owner thread: 0x0000019e52b64e40

Heap address: 0x0000000080000000, size: 2048 MB, Compressed Oops mode: 32-bit

CDS archive(s) not mapped
Compressed class space mapped at: 0x0000000100000000-0x0000000140000000, reserved size: 1073741824
Narrow klass base: 0x0000000000000000, Narrow klass shift: 3, Narrow klass range: 0x140000000

GC Precious Log:
 CPUs: 4 total, 4 available
 Memory: 6027M
 Large Page Support: Disabled
 NUMA Support: Disabled
 Compressed Oops: Enabled (32-bit)
 Heap Region Size: 1M
 Heap Min Capacity: 8M
 Heap Initial Capacity: 96M
 Heap Max Capacity: 2G
 Pre-touch: Disabled
 Parallel Workers: 4
 Concurrent Workers: 1
 Concurrent Refinement Workers: 4
 Periodic GC: Disabled

Heap:
 garbage-first heap   total 98304K, used 40615K [0x0000000080000000, 0x0000000100000000)
  region size 1024K, 3 young (3072K), 3 survivors (3072K)
 Metaspace       used 57844K, committed 58368K, reserved 1105920K
  class space    used 7559K, committed 7808K, reserved 1048576K

Heap Regions: E=young(eden), S=young(survivor), O=old, HS=humongous(starts), HC=humongous(continues), CS=collection set, F=free, OA=open archive, CA=closed archive, TAMS=top-at-mark-start (previous, next)
|   0|0x0000000080000000, 0x0000000080100000, 0x0000000080100000|100%| O|  |TAMS 0x0000000080100000, 0x0000000080100000| Untracked 
|   1|0x0000000080100000, 0x0000000080200000, 0x0000000080200000|100%|HS|  |TAMS 0x0000000080200000, 0x0000000080200000| Complete 
|   2|0x0000000080200000, 0x0000000080300000, 0x0000000080300000|100%|HC|  |TAMS 0x0000000080300000, 0x0000000080300000| Complete 
|   3|0x0000000080300000, 0x0000000080400000, 0x0000000080400000|100%|HC|  |TAMS 0x0000000080400000, 0x0000000080400000| Complete 
|   4|0x0000000080400000, 0x0000000080500000, 0x0000000080500000|100%|HC|  |TAMS 0x0000000080500000, 0x0000000080500000| Complete 
|   5|0x0000000080500000, 0x0000000080600000, 0x0000000080600000|100%| O|  |TAMS 0x0000000080600000, 0x0000000080600000| Untracked 
|   6|0x0000000080600000, 0x0000000080700000, 0x0000000080700000|100%| O|  |TAMS 0x0000000080700000, 0x0000000080700000| Untracked 
|   7|0x0000000080700000, 0x0000000080800000, 0x0000000080800000|100%| O|  |TAMS 0x0000000080800000, 0x0000000080800000| Untracked 
|   8|0x0000000080800000, 0x0000000080900000, 0x0000000080900000|100%| O|  |TAMS 0x0000000080900000, 0x0000000080900000| Untracked 
|   9|0x0000000080900000, 0x0000000080a00000, 0x0000000080a00000|100%| O|  |TAMS 0x0000000080a00000, 0x0000000080a00000| Untracked 
|  10|0x0000000080a00000, 0x0000000080b00000, 0x0000000080b00000|100%| O|  |TAMS 0x0000000080b00000, 0x0000000080b00000| Untracked 
|  11|0x0000000080b00000, 0x0000000080c00000, 0x0000000080c00000|100%| O|  |TAMS 0x0000000080c00000, 0x0000000080c00000| Untracked 
|  12|0x0000000080c00000, 0x0000000080d00000, 0x0000000080d00000|100%| O|  |TAMS 0x0000000080d00000, 0x0000000080d00000| Untracked 
|  13|0x0000000080d00000, 0x0000000080e00000, 0x0000000080e00000|100%| O|  |TAMS 0x0000000080e00000, 0x0000000080e00000| Untracked 
|  14|0x0000000080e00000, 0x0000000080f00000, 0x0000000080f00000|100%| O|  |TAMS 0x0000000080f00000, 0x0000000080f00000| Untracked 
|  15|0x0000000080f00000, 0x0000000080f4c600, 0x0000000081000000| 29%| O|  |TAMS 0x0000000080f4c600, 0x0000000080f4c600| Untracked 
|  16|0x0000000081000000, 0x0000000081100000, 0x0000000081100000|100%| O|  |TAMS 0x0000000081100000, 0x0000000081100000| Untracked 
|  17|0x0000000081100000, 0x0000000081200000, 0x0000000081200000|100%| O|  |TAMS 0x0000000081200000, 0x0000000081200000| Untracked 
|  18|0x0000000081200000, 0x0000000081300000, 0x0000000081300000|100%| O|  |TAMS 0x0000000081300000, 0x0000000081300000| Untracked 
|  19|0x0000000081300000, 0x0000000081400000, 0x0000000081400000|100%| O|  |TAMS 0x0000000081400000, 0x0000000081400000| Untracked 
|  20|0x0000000081400000, 0x0000000081500000, 0x0000000081500000|100%| O|  |TAMS 0x000000008149e400, 0x0000000081500000| Untracked 
|  21|0x0000000081500000, 0x0000000081600000, 0x0000000081600000|100%| O|  |TAMS 0x0000000081500000, 0x0000000081600000| Untracked 
|  22|0x0000000081600000, 0x0000000081700000, 0x0000000081700000|100%| O|  |TAMS 0x0000000081600000, 0x0000000081700000| Untracked 
|  23|0x0000000081700000, 0x0000000081800000, 0x0000000081800000|100%| O|  |TAMS 0x0000000081700000, 0x0000000081800000| Untracked 
|  24|0x0000000081800000, 0x0000000081900000, 0x0000000081900000|100%| O|  |TAMS 0x0000000081800000, 0x0000000081900000| Untracked 
|  25|0x0000000081900000, 0x0000000081a00000, 0x0000000081a00000|100%| O|  |TAMS 0x0000000081900000, 0x0000000081a00000| Untracked 
|  26|0x0000000081a00000, 0x0000000081adc400, 0x0000000081b00000| 86%| O|  |TAMS 0x0000000081a00000, 0x0000000081adc400| Untracked 
|  27|0x0000000081b00000, 0x0000000081c00000, 0x0000000081c00000|100%| O|  |TAMS 0x0000000081b00000, 0x0000000081c00000| Untracked 
|  28|0x0000000081c00000, 0x0000000081d00000, 0x0000000081d00000|100%| O|  |TAMS 0x0000000081c00000, 0x0000000081d00000| Untracked 
|  29|0x0000000081d00000, 0x0000000081e00000, 0x0000000081e00000|100%| O|  |TAMS 0x0000000081d00000, 0x0000000081e00000| Untracked 
|  30|0x0000000081e00000, 0x0000000081f00000, 0x0000000081f00000|100%|HS|  |TAMS 0x0000000081e00000, 0x0000000081f00000| Complete 
|  31|0x0000000081f00000, 0x0000000082000000, 0x0000000082000000|100%|HC|  |TAMS 0x0000000081f00000, 0x0000000082000000| Complete 
|  32|0x0000000082000000, 0x0000000082100000, 0x0000000082100000|100%| O|  |TAMS 0x0000000082000000, 0x0000000082100000| Untracked 
|  33|0x0000000082100000, 0x0000000082200000, 0x0000000082200000|100%| O|  |TAMS 0x0000000082100000, 0x0000000082200000| Untracked 
|  34|0x0000000082200000, 0x0000000082200000, 0x0000000082300000|  0%| F|  |TAMS 0x0000000082200000, 0x0000000082200000| Untracked 
|  35|0x0000000082300000, 0x0000000082400000, 0x0000000082400000|100%| O|  |TAMS 0x0000000082300000, 0x0000000082400000| Untracked 
|  36|0x0000000082400000, 0x0000000082500000, 0x0000000082500000|100%| O|  |TAMS 0x0000000082400000, 0x0000000082500000| Untracked 
|  37|0x0000000082500000, 0x0000000082500000, 0x0000000082600000|  0%| F|  |TAMS 0x0000000082500000, 0x0000000082500000| Untracked 
|  38|0x0000000082600000, 0x0000000082600000, 0x0000000082700000|  0%| F|  |TAMS 0x0000000082600000, 0x0000000082600000| Untracked 
|  39|0x0000000082700000, 0x0000000082800000, 0x0000000082800000|100%| O|  |TAMS 0x0000000082700000, 0x0000000082800000| Untracked 
|  40|0x0000000082800000, 0x0000000082900000, 0x0000000082900000|100%| O|  |TAMS 0x0000000082800000, 0x0000000082900000| Untracked 
|  41|0x0000000082900000, 0x0000000082900000, 0x0000000082a00000|  0%| F|  |TAMS 0x0000000082900000, 0x0000000082900000| Untracked 
|  42|0x0000000082a00000, 0x0000000082a00000, 0x0000000082b00000|  0%| F|  |TAMS 0x0000000082a00000, 0x0000000082a00000| Untracked 
|  43|0x0000000082b00000, 0x0000000082b00000, 0x0000000082c00000|  0%| F|  |TAMS 0x0000000082b00000, 0x0000000082b00000| Untracked 
|  44|0x0000000082c00000, 0x0000000082c00000, 0x0000000082d00000|  0%| F|  |TAMS 0x0000000082c00000, 0x0000000082c00000| Untracked 
|  45|0x0000000082d00000, 0x0000000082d00000, 0x0000000082e00000|  0%| F|  |TAMS 0x0000000082d00000, 0x0000000082d00000| Untracked 
|  46|0x0000000082e00000, 0x0000000082e00000, 0x0000000082f00000|  0%| F|  |TAMS 0x0000000082e00000, 0x0000000082e00000| Untracked 
|  47|0x0000000082f00000, 0x0000000082f00000, 0x0000000083000000|  0%| F|  |TAMS 0x0000000082f00000, 0x0000000082f00000| Untracked 
|  48|0x0000000083000000, 0x0000000083000000, 0x0000000083100000|  0%| F|  |TAMS 0x0000000083000000, 0x0000000083000000| Untracked 
|  49|0x0000000083100000, 0x0000000083100000, 0x0000000083200000|  0%| F|  |TAMS 0x0000000083100000, 0x0000000083100000| Untracked 
|  50|0x0000000083200000, 0x0000000083200000, 0x0000000083300000|  0%| F|  |TAMS 0x0000000083200000, 0x0000000083200000| Untracked 
|  51|0x0000000083300000, 0x0000000083300000, 0x0000000083400000|  0%| F|  |TAMS 0x0000000083300000, 0x0000000083300000| Untracked 
|  52|0x0000000083400000, 0x0000000083481298, 0x0000000083500000| 50%| S|CS|TAMS 0x0000000083400000, 0x0000000083400000| Complete 
|  53|0x0000000083500000, 0x0000000083600000, 0x0000000083600000|100%| S|CS|TAMS 0x0000000083500000, 0x0000000083500000| Complete 
|  54|0x0000000083600000, 0x0000000083700000, 0x0000000083700000|100%| S|CS|TAMS 0x0000000083600000, 0x0000000083600000| Complete 
|  55|0x0000000083700000, 0x0000000083700000, 0x0000000083800000|  0%| F|  |TAMS 0x0000000083700000, 0x0000000083700000| Untracked 
|  56|0x0000000083800000, 0x0000000083800000, 0x0000000083900000|  0%| F|  |TAMS 0x0000000083800000, 0x0000000083800000| Untracked 
|  57|0x0000000083900000, 0x0000000083900000, 0x0000000083a00000|  0%| F|  |TAMS 0x0000000083900000, 0x0000000083900000| Untracked 
|  58|0x0000000083a00000, 0x0000000083a00000, 0x0000000083b00000|  0%| F|  |TAMS 0x0000000083a00000, 0x0000000083a00000| Untracked 
|  59|0x0000000083b00000, 0x0000000083b00000, 0x0000000083c00000|  0%| F|  |TAMS 0x0000000083b00000, 0x0000000083b00000| Untracked 
|  60|0x0000000083c00000, 0x0000000083c00000, 0x0000000083d00000|  0%| F|  |TAMS 0x0000000083c00000, 0x0000000083c00000| Untracked 
|  61|0x0000000083d00000, 0x0000000083d00000, 0x0000000083e00000|  0%| F|  |TAMS 0x0000000083d00000, 0x0000000083d00000| Untracked 
|  62|0x0000000083e00000, 0x0000000083e00000, 0x0000000083f00000|  0%| F|  |TAMS 0x0000000083e00000, 0x0000000083e00000| Untracked 
|  63|0x0000000083f00000, 0x0000000083f00000, 0x0000000084000000|  0%| F|  |TAMS 0x0000000083f00000, 0x0000000083f00000| Untracked 
|  64|0x0000000084000000, 0x0000000084000000, 0x0000000084100000|  0%| F|  |TAMS 0x0000000084000000, 0x0000000084000000| Untracked 
|  65|0x0000000084100000, 0x0000000084100000, 0x0000000084200000|  0%| F|  |TAMS 0x0000000084100000, 0x0000000084100000| Untracked 
|  66|0x0000000084200000, 0x0000000084200000, 0x0000000084300000|  0%| F|  |TAMS 0x0000000084200000, 0x0000000084200000| Untracked 
|  67|0x0000000084300000, 0x0000000084300000, 0x0000000084400000|  0%| F|  |TAMS 0x0000000084300000, 0x0000000084300000| Untracked 
|  68|0x0000000084400000, 0x0000000084400000, 0x0000000084500000|  0%| F|  |TAMS 0x0000000084400000, 0x0000000084400000| Untracked 
|  69|0x0000000084500000, 0x0000000084500000, 0x0000000084600000|  0%| F|  |TAMS 0x0000000084500000, 0x0000000084500000| Untracked 
|  70|0x0000000084600000, 0x0000000084600000, 0x0000000084700000|  0%| F|  |TAMS 0x0000000084600000, 0x0000000084600000| Untracked 
|  71|0x0000000084700000, 0x0000000084700000, 0x0000000084800000|  0%| F|  |TAMS 0x0000000084700000, 0x0000000084700000| Untracked 
|  72|0x0000000084800000, 0x0000000084800000, 0x0000000084900000|  0%| F|  |TAMS 0x0000000084800000, 0x0000000084800000| Untracked 
|  73|0x0000000084900000, 0x0000000084900000, 0x0000000084a00000|  0%| F|  |TAMS 0x0000000084900000, 0x0000000084900000| Untracked 
|  74|0x0000000084a00000, 0x0000000084a00000, 0x0000000084b00000|  0%| F|  |TAMS 0x0000000084a00000, 0x0000000084a00000| Untracked 
|  75|0x0000000084b00000, 0x0000000084b00000, 0x0000000084c00000|  0%| F|  |TAMS 0x0000000084b00000, 0x0000000084b00000| Untracked 
|  76|0x0000000084c00000, 0x0000000084c00000, 0x0000000084d00000|  0%| F|  |TAMS 0x0000000084c00000, 0x0000000084c00000| Untracked 
|  77|0x0000000084d00000, 0x0000000084d00000, 0x0000000084e00000|  0%| F|  |TAMS 0x0000000084d00000, 0x0000000084d00000| Untracked 
|  78|0x0000000084e00000, 0x0000000084e00000, 0x0000000084f00000|  0%| F|  |TAMS 0x0000000084e00000, 0x0000000084e00000| Untracked 
|  79|0x0000000084f00000, 0x0000000084f00000, 0x0000000085000000|  0%| F|  |TAMS 0x0000000084f00000, 0x0000000084f00000| Untracked 
|  80|0x0000000085000000, 0x0000000085000000, 0x0000000085100000|  0%| F|  |TAMS 0x0000000085000000, 0x0000000085000000| Untracked 
|  81|0x0000000085100000, 0x0000000085100000, 0x0000000085200000|  0%| F|  |TAMS 0x0000000085100000, 0x0000000085100000| Untracked 
|  82|0x0000000085200000, 0x0000000085200000, 0x0000000085300000|  0%| F|  |TAMS 0x0000000085200000, 0x0000000085200000| Untracked 
|  83|0x0000000085300000, 0x0000000085300000, 0x0000000085400000|  0%| F|  |TAMS 0x0000000085300000, 0x0000000085300000| Untracked 
|  84|0x0000000085400000, 0x0000000085400000, 0x0000000085500000|  0%| F|  |TAMS 0x0000000085400000, 0x0000000085400000| Untracked 
|  85|0x0000000085500000, 0x0000000085500000, 0x0000000085600000|  0%| F|  |TAMS 0x0000000085500000, 0x0000000085500000| Untracked 
|  86|0x0000000085600000, 0x0000000085600000, 0x0000000085700000|  0%| F|  |TAMS 0x0000000085600000, 0x0000000085600000| Untracked 
|  87|0x0000000085700000, 0x0000000085700000, 0x0000000085800000|  0%| F|  |TAMS 0x0000000085700000, 0x0000000085700000| Untracked 
|  88|0x0000000085800000, 0x0000000085800000, 0x0000000085900000|  0%| F|  |TAMS 0x0000000085800000, 0x0000000085800000| Untracked 
|  89|0x0000000085900000, 0x0000000085900000, 0x0000000085a00000|  0%| F|  |TAMS 0x0000000085900000, 0x0000000085900000| Untracked 
|  90|0x0000000085a00000, 0x0000000085a00000, 0x0000000085b00000|  0%| F|  |TAMS 0x0000000085a00000, 0x0000000085a00000| Untracked 
|  91|0x0000000085b00000, 0x0000000085b00000, 0x0000000085c00000|  0%| F|  |TAMS 0x0000000085b00000, 0x0000000085b00000| Untracked 
|  92|0x0000000085c00000, 0x0000000085c00000, 0x0000000085d00000|  0%| F|  |TAMS 0x0000000085c00000, 0x0000000085c00000| Untracked 
|  93|0x0000000085d00000, 0x0000000085d00000, 0x0000000085e00000|  0%| F|  |TAMS 0x0000000085d00000, 0x0000000085d00000| Untracked 
|  94|0x0000000085e00000, 0x0000000085e00000, 0x0000000085f00000|  0%| F|  |TAMS 0x0000000085e00000, 0x0000000085e00000| Untracked 
|  95|0x0000000085f00000, 0x0000000085f00000, 0x0000000086000000|  0%| F|  |TAMS 0x0000000085f00000, 0x0000000085f00000| Untracked 

Card table byte_map: [0x0000019e47530000,0x0000019e47930000] _byte_map_base: 0x0000019e47130000

Marking Bits (Prev, Next): (CMBitMap*) 0x0000019e34cb8340, (CMBitMap*) 0x0000019e34cb8380
 Prev Bits: [0x0000019e47d30000, 0x0000019e49d30000)
 Next Bits: [0x0000019e49d30000, 0x0000019e4bd30000)

Polling page: 0x0000019e32b40000

Metaspace:

Usage:
  Non-class:     49.11 MB used.
      Class:      7.38 MB used.
       Both:     56.49 MB used.

Virtual space:
  Non-class space:       56.00 MB reserved,      49.38 MB ( 88%) committed,  7 nodes.
      Class space:        1.00 GB reserved,       7.62 MB ( <1%) committed,  1 nodes.
             Both:        1.05 GB reserved,      57.00 MB (  5%) committed. 

Chunk freelists:
   Non-Class:  2.45 MB
       Class:  240.00 KB
        Both:  2.69 MB

MaxMetaspaceSize: unlimited
CompressedClassSpaceSize: 1.00 GB
Initial GC threshold: 21.00 MB
Current GC threshold: 59.19 MB
CDS: off
MetaspaceReclaimPolicy: balanced
 - commit_granule_bytes: 65536.
 - commit_granule_words: 8192.
 - virtual_space_node_default_size: 1048576.
 - enlarge_chunks_in_place: 1.
 - new_chunks_are_fully_committed: 0.
 - uncommit_free_chunks: 1.
 - use_allocation_guard: 0.
 - handle_deallocations: 1.


Internal statistics:

num_allocs_failed_limit: 6.
num_arena_births: 478.
num_arena_deaths: 0.
num_vsnodes_births: 8.
num_vsnodes_deaths: 0.
num_space_committed: 912.
num_space_uncommitted: 0.
num_chunks_returned_to_freelist: 6.
num_chunks_taken_from_freelist: 2115.
num_chunk_merges: 6.
num_chunk_splits: 1410.
num_chunks_enlarged: 997.
num_purges: 0.
num_inconsistent_stats: 0.

CodeHeap 'non-profiled nmethods': size=120000Kb used=4323Kb max_used=4323Kb free=115676Kb
 bounds [0x0000019e3fc00000, 0x0000019e40040000, 0x0000019e47130000]
CodeHeap 'profiled nmethods': size=120000Kb used=11229Kb max_used=11229Kb free=108770Kb
 bounds [0x0000019e38130000, 0x0000019e38c30000, 0x0000019e3f660000]
CodeHeap 'non-nmethods': size=5760Kb used=2351Kb max_used=2372Kb free=3409Kb
 bounds [0x0000019e3f660000, 0x0000019e3f8d0000, 0x0000019e3fc00000]
 total_blobs=6606 nmethods=5734 adapters=783
 compilation: enabled
              stopped_count=0, restarted_count=0
 full_count=0

Compilation events (20 events):
Event: 41.784 Thread 0x0000019e4ec0a480 nmethod 6261 0x0000019e38c23c10 code [0x0000019e38c23e40, 0x0000019e38c24b98]
Event: 41.784 Thread 0x0000019e4ec0a480 6263       3       com.sun.crypto.provider.CounterMode::increment (28 bytes)
Event: 41.785 Thread 0x0000019e4ec0a480 nmethod 6263 0x0000019e38c25290 code [0x0000019e38c25440, 0x0000019e38c25638]
Event: 41.785 Thread 0x0000019e4ec0a480 6262       3       com.sun.crypto.provider.AESCrypt::encryptBlock (10 bytes)
Event: 41.785 Thread 0x0000019e4ec0a480 nmethod 6262 0x0000019e38c25710 code [0x0000019e38c258a0, 0x0000019e38c259e8]
Event: 41.786 Thread 0x0000019e4ec354d0 6264       4       sun.security.util.DerInputStream::getDerValue (76 bytes)
Event: 41.787 Thread 0x0000019e4ec0a480 6265       3       sun.security.util.BitArray::toByteArray (11 bytes)
Event: 41.787 Thread 0x0000019e4ec0a480 nmethod 6265 0x0000019e38c25a90 code [0x0000019e38c25c40, 0x0000019e38c25ee8]
Event: 41.787 Thread 0x0000019e4ec0a480 6266       3       sun.security.util.DerValue::<init> (17 bytes)
Event: 41.787 Thread 0x0000019e4ec0a480 nmethod 6266 0x0000019e38c26010 code [0x0000019e38c261c0, 0x0000019e38c264d8]
Event: 41.787 Thread 0x0000019e4ec0a480 6267       3       java.util.TreeMap::rotateRight (96 bytes)
Event: 41.787 Thread 0x0000019e4ec0a480 nmethod 6267 0x0000019e38c26610 code [0x0000019e38c267e0, 0x0000019e38c26d18]
Event: 41.787 Thread 0x0000019e4ec0a480 6269       3       sun.security.util.DerValue::isContextSpecific (20 bytes)
Event: 41.788 Thread 0x0000019e4ec0a480 nmethod 6269 0x0000019e38c26e90 code [0x0000019e38c27020, 0x0000019e38c27198]
Event: 41.788 Thread 0x0000019e4ec0a480 6270       1       sun.security.util.DerValue::resetTag (6 bytes)
Event: 41.788 Thread 0x0000019e4ec0a480 nmethod 6270 0x0000019e40038590 code [0x0000019e40038720, 0x0000019e400387f8]
Event: 41.788 Thread 0x0000019e4ec0a480 6272       3       sun.util.calendar.CalendarDate::setDayOfMonth (20 bytes)
Event: 41.788 Thread 0x0000019e4ec354d0 nmethod 6264 0x0000019e40038890 code [0x0000019e40038a20, 0x0000019e40038b88]
Event: 41.788 Thread 0x0000019e4ec0a480 nmethod 6272 0x0000019e38c27210 code [0x0000019e38c273a0, 0x0000019e38c274f8]
Event: 41.788 Thread 0x0000019e4ec354d0 6271       4       sun.security.util.DerValue::<init> (446 bytes)

GC Heap History (20 events):
Event: 32.207 GC heap after
{Heap after GC invocations=20 (full 0):
 garbage-first heap   total 71680K, used 32919K [0x0000000080000000, 0x0000000100000000)
  region size 1024K, 5 young (5120K), 5 survivors (5120K)
 Metaspace       used 42172K, committed 42432K, reserved 1089536K
  class space    used 5518K, committed 5632K, reserved 1048576K
}
Event: 32.234 GC heap before
{Heap before GC invocations=20 (full 0):
 garbage-first heap   total 71680K, used 47255K [0x0000000080000000, 0x0000000100000000)
  region size 1024K, 18 young (18432K), 5 survivors (5120K)
 Metaspace       used 42172K, committed 42432K, reserved 1089536K
  class space    used 5518K, committed 5632K, reserved 1048576K
}
Event: 32.241 GC heap after
{Heap after GC invocations=21 (full 0):
 garbage-first heap   total 86016K, used 36386K [0x0000000080000000, 0x0000000100000000)
  region size 1024K, 2 young (2048K), 2 survivors (2048K)
 Metaspace       used 42172K, committed 42432K, reserved 1089536K
  class space    used 5518K, committed 5632K, reserved 1048576K
}
Event: 33.855 GC heap before
{Heap before GC invocations=21 (full 0):
 garbage-first heap   total 86016K, used 70178K [0x0000000080000000, 0x0000000100000000)
  region size 1024K, 33 young (33792K), 2 survivors (2048K)
 Metaspace       used 44052K, committed 44480K, reserved 1089536K
  class space    used 5711K, committed 5888K, reserved 1048576K
}
Event: 33.859 GC heap after
{Heap after GC invocations=22 (full 0):
 garbage-first heap   total 86016K, used 33888K [0x0000000080000000, 0x0000000100000000)
  region size 1024K, 4 young (4096K), 4 survivors (4096K)
 Metaspace       used 44052K, committed 44480K, reserved 1089536K
  class space    used 5711K, committed 5888K, reserved 1048576K
}
Event: 34.548 GC heap before
{Heap before GC invocations=22 (full 0):
 garbage-first heap   total 86016K, used 67680K [0x0000000080000000, 0x0000000100000000)
  region size 1024K, 37 young (37888K), 4 survivors (4096K)
 Metaspace       used 45779K, committed 46208K, reserved 1089536K
  class space    used 5987K, committed 6144K, reserved 1048576K
}
Event: 34.554 GC heap after
{Heap after GC invocations=23 (full 0):
 garbage-first heap   total 86016K, used 34824K [0x0000000080000000, 0x0000000100000000)
  region size 1024K, 3 young (3072K), 3 survivors (3072K)
 Metaspace       used 45779K, committed 46208K, reserved 1089536K
  class space    used 5987K, committed 6144K, reserved 1048576K
}
Event: 34.932 GC heap before
{Heap before GC invocations=23 (full 0):
 garbage-first heap   total 86016K, used 70664K [0x0000000080000000, 0x0000000100000000)
  region size 1024K, 37 young (37888K), 3 survivors (3072K)
 Metaspace       used 47023K, committed 47424K, reserved 1097728K
  class space    used 6175K, committed 6336K, reserved 1048576K
}
Event: 34.943 GC heap after
{Heap after GC invocations=24 (full 0):
 garbage-first heap   total 86016K, used 39734K [0x0000000080000000, 0x0000000100000000)
  region size 1024K, 4 young (4096K), 4 survivors (4096K)
 Metaspace       used 47023K, committed 47424K, reserved 1097728K
  class space    used 6175K, committed 6336K, reserved 1048576K
}
Event: 35.676 GC heap before
{Heap before GC invocations=24 (full 0):
 garbage-first heap   total 86016K, used 70454K [0x0000000080000000, 0x0000000100000000)
  region size 1024K, 33 young (33792K), 4 survivors (4096K)
 Metaspace       used 48937K, committed 49344K, reserved 1097728K
  class space    used 6387K, committed 6592K, reserved 1048576K
}
Event: 35.681 GC heap after
{Heap after GC invocations=25 (full 0):
 garbage-first heap   total 86016K, used 36308K [0x0000000080000000, 0x0000000100000000)
  region size 1024K, 1 young (1024K), 1 survivors (1024K)
 Metaspace       used 48937K, committed 49344K, reserved 1097728K
  class space    used 6387K, committed 6592K, reserved 1048576K
}
Event: 36.365 GC heap before
{Heap before GC invocations=25 (full 0):
 garbage-first heap   total 86016K, used 69076K [0x0000000080000000, 0x0000000100000000)
  region size 1024K, 33 young (33792K), 1 survivors (1024K)
 Metaspace       used 50541K, committed 50944K, reserved 1097728K
  class space    used 6612K, committed 6784K, reserved 1048576K
}
Event: 36.368 GC heap after
{Heap after GC invocations=26 (full 0):
 garbage-first heap   total 86016K, used 36375K [0x0000000080000000, 0x0000000100000000)
  region size 1024K, 2 young (2048K), 2 survivors (2048K)
 Metaspace       used 50541K, committed 50944K, reserved 1097728K
  class space    used 6612K, committed 6784K, reserved 1048576K
}
Event: 39.832 GC heap before
{Heap before GC invocations=26 (full 0):
 garbage-first heap   total 86016K, used 69143K [0x0000000080000000, 0x0000000100000000)
  region size 1024K, 34 young (34816K), 2 survivors (2048K)
 Metaspace       used 52193K, committed 52608K, reserved 1097728K
  class space    used 6835K, committed 6976K, reserved 1048576K
}
Event: 39.839 GC heap after
{Heap after GC invocations=27 (full 0):
 garbage-first heap   total 86016K, used 38255K [0x0000000080000000, 0x0000000100000000)
  region size 1024K, 3 young (3072K), 3 survivors (3072K)
 Metaspace       used 52193K, committed 52608K, reserved 1097728K
  class space    used 6835K, committed 6976K, reserved 1048576K
}
Event: 40.539 GC heap before
{Heap before GC invocations=27 (full 0):
 garbage-first heap   total 86016K, used 69999K [0x0000000080000000, 0x0000000100000000)
  region size 1024K, 34 young (34816K), 3 survivors (3072K)
 Metaspace       used 54199K, committed 54720K, reserved 1097728K
  class space    used 7055K, committed 7296K, reserved 1048576K
}
Event: 40.548 GC heap after
{Heap after GC invocations=28 (full 0):
 garbage-first heap   total 86016K, used 39005K [0x0000000080000000, 0x0000000100000000)
  region size 1024K, 3 young (3072K), 3 survivors (3072K)
 Metaspace       used 54199K, committed 54720K, reserved 1097728K
  class space    used 7055K, committed 7296K, reserved 1048576K
}
Event: 41.242 GC heap before
{Heap before GC invocations=28 (full 0):
 garbage-first heap   total 86016K, used 70749K [0x0000000080000000, 0x0000000100000000)
  region size 1024K, 34 young (34816K), 3 survivors (3072K)
 Metaspace       used 55884K, committed 56320K, reserved 1097728K
  class space    used 7276K, committed 7488K, reserved 1048576K
}
Event: 41.252 GC heap after
{Heap after GC invocations=29 (full 0):
 garbage-first heap   total 86016K, used 40233K [0x0000000080000000, 0x0000000100000000)
  region size 1024K, 3 young (3072K), 3 survivors (3072K)
 Metaspace       used 55884K, committed 56320K, reserved 1097728K
  class space    used 7276K, committed 7488K, reserved 1048576K
}
Event: 41.789 GC heap before
{Heap before GC invocations=29 (full 0):
 garbage-first heap   total 86016K, used 69929K [0x0000000080000000, 0x0000000100000000)
  region size 1024K, 32 young (32768K), 3 survivors (3072K)
 Metaspace       used 57844K, committed 58368K, reserved 1105920K
  class space    used 7559K, committed 7808K, reserved 1048576K
}

Dll operation events (3 events):
Event: 0.593 Loaded shared library D:\App\Android\jbr\bin\java.dll
Event: 0.611 Loaded shared library D:\App\Android\jbr\bin\zip.dll
Event: 8.704 Loaded shared library D:\App\Android\jbr\bin\verify.dll

Deoptimization events (20 events):
Event: 41.423 Thread 0x0000019e52b64e40 Uncommon trap: trap_request=0xffffff45 fr.pc=0x0000019e4002bad0 relative=0x00000000000001d0
Event: 41.424 Thread 0x0000019e52b64e40 Uncommon trap: reason=unstable_if action=reinterpret pc=0x0000019e4002bad0 method=java.io.ByteArrayInputStream.read()I @ 8 c2
Event: 41.424 Thread 0x0000019e52b64e40 DEOPT PACKING pc=0x0000019e4002bad0 sp=0x00000083c5bf5a90
Event: 41.424 Thread 0x0000019e52b64e40 DEOPT UNPACKING pc=0x0000019e3f6b69a3 sp=0x00000083c5bf5a48 mode 2
Event: 41.510 Thread 0x0000019e52b64e40 Uncommon trap: trap_request=0xffffffbe fr.pc=0x0000019e4002ef20 relative=0x0000000000000380
Event: 41.511 Thread 0x0000019e52b64e40 Uncommon trap: reason=profile_predicate action=maybe_recompile pc=0x0000019e4002ef20 method=java.util.regex.Pattern$SliceI.match(Ljava/util/regex/Matcher;ILjava/lang/CharSequence;)Z @ 18 c2
Event: 41.511 Thread 0x0000019e52b64e40 DEOPT PACKING pc=0x0000019e4002ef20 sp=0x00000083c5bf6b30
Event: 41.511 Thread 0x0000019e52b64e40 DEOPT UNPACKING pc=0x0000019e3f6b69a3 sp=0x00000083c5bf6a98 mode 2
Event: 41.511 Thread 0x0000019e52b64e40 Uncommon trap: trap_request=0xffffffbe fr.pc=0x0000019e4002ef20 relative=0x0000000000000380
Event: 41.511 Thread 0x0000019e52b64e40 Uncommon trap: reason=profile_predicate action=maybe_recompile pc=0x0000019e4002ef20 method=java.util.regex.Pattern$SliceI.match(Ljava/util/regex/Matcher;ILjava/lang/CharSequence;)Z @ 18 c2
Event: 41.511 Thread 0x0000019e52b64e40 DEOPT PACKING pc=0x0000019e4002ef20 sp=0x00000083c5bf6b30
Event: 41.511 Thread 0x0000019e52b64e40 DEOPT UNPACKING pc=0x0000019e3f6b69a3 sp=0x00000083c5bf6a98 mode 2
Event: 41.511 Thread 0x0000019e52b64e40 Uncommon trap: trap_request=0xffffffbe fr.pc=0x0000019e4002ef20 relative=0x0000000000000380
Event: 41.511 Thread 0x0000019e52b64e40 Uncommon trap: reason=profile_predicate action=maybe_recompile pc=0x0000019e4002ef20 method=java.util.regex.Pattern$SliceI.match(Ljava/util/regex/Matcher;ILjava/lang/CharSequence;)Z @ 18 c2
Event: 41.511 Thread 0x0000019e52b64e40 DEOPT PACKING pc=0x0000019e4002ef20 sp=0x00000083c5bf6b30
Event: 41.511 Thread 0x0000019e52b64e40 DEOPT UNPACKING pc=0x0000019e3f6b69a3 sp=0x00000083c5bf6a98 mode 2
Event: 41.511 Thread 0x0000019e52b64e40 Uncommon trap: trap_request=0xffffffbe fr.pc=0x0000019e4002ef20 relative=0x0000000000000380
Event: 41.511 Thread 0x0000019e52b64e40 Uncommon trap: reason=profile_predicate action=maybe_recompile pc=0x0000019e4002ef20 method=java.util.regex.Pattern$SliceI.match(Ljava/util/regex/Matcher;ILjava/lang/CharSequence;)Z @ 18 c2
Event: 41.511 Thread 0x0000019e52b64e40 DEOPT PACKING pc=0x0000019e4002ef20 sp=0x00000083c5bf6b30
Event: 41.511 Thread 0x0000019e52b64e40 DEOPT UNPACKING pc=0x0000019e3f6b69a3 sp=0x00000083c5bf6a98 mode 2

Classes unloaded (0 events):
No events

Classes redefined (0 events):
No events

Internal exceptions (20 events):
Event: 35.426 Thread 0x0000019e52b64e40 Exception <a 'java/lang/ClassNotFoundException'{0x0000000084afd758}: org/gradle/plugin/use/internal/PluginRequestCollector$PluginDependencySpecImplCustomizer> (0x0000000084afd758) 
thrown [s\src\hotspot\share\classfile\systemDictionary.cpp, line 256]
Event: 35.657 Thread 0x0000019e52b64e40 Exception <a 'java/lang/NoSuchMethodError'{0x00000000839dcf30}: 'java.lang.Object java.lang.invoke.DirectMethodHandle$Holder.newInvokeSpecial(java.lang.Object, int, java.lang.Object)'> (0x00000000839dcf30) 
thrown [s\src\hotspot\share\interpreter\linkResolver.cpp, line 771]
Event: 36.392 Thread 0x0000019e52b64e40 Exception <a 'java/lang/NoSuchMethodError'{0x000000008514b600}: 'int java.lang.invoke.DirectMethodHandle$Holder.invokeStatic(java.lang.Object)'> (0x000000008514b600) 
thrown [s\src\hotspot\share\interpreter\linkResolver.cpp, line 771]
Event: 36.393 Thread 0x0000019e52b64e40 Exception <a 'java/lang/NoSuchMethodError'{0x000000008514f9f0}: 'int java.lang.invoke.DirectMethodHandle$Holder.invokeStaticInit(java.lang.Object)'> (0x000000008514f9f0) 
thrown [s\src\hotspot\share\interpreter\linkResolver.cpp, line 771]
Event: 36.413 Thread 0x0000019e52b64e40 Exception <a 'java/lang/NoSuchMethodError'{0x000000008506b678}: 'java.lang.Object java.lang.invoke.DirectMethodHandle$Holder.newInvokeSpecial(java.lang.Object, java.lang.Object, java.lang.Object, java.lang.Object, java.lang.Object, int)'> (0x000000008506b678) 
thrown [s\src\hotspot\share\interpreter\linkResolver.cpp, line 771]
Event: 36.414 Thread 0x0000019e52b64e40 Exception <a 'java/lang/NoSuchMethodError'{0x0000000085070a28}: 'java.lang.Object java.lang.invoke.DirectMethodHandle$Holder.invokeSpecial(java.lang.Object, java.lang.Object, java.lang.Object, java.lang.Object, java.lang.Object, java.lang.Object, int)'> (0x0000000085070a28) 
thrown [s\src\hotspot\share\interpreter\linkResolver.cpp, line 771]
Event: 36.461 Thread 0x0000019e52b64e40 Exception <a 'java/lang/NoSuchMethodError'{0x0000000084e61a40}: 'void java.lang.invoke.DirectMethodHandle$Holder.invokeStatic(java.lang.Object, java.lang.Object, java.lang.Object, int, java.lang.Object)'> (0x0000000084e61a40) 
thrown [s\src\hotspot\share\interpreter\linkResolver.cpp, line 771]
Event: 36.828 Thread 0x0000019e52b64e40 Exception <a 'java/lang/NoSuchMethodError'{0x00000000846fee88}: 'java.lang.Object java.lang.invoke.DelegatingMethodHandle$Holder.reinvoke_L(java.lang.Object, java.lang.Object, java.lang.Object, java.lang.Object, java.lang.Object, java.lang.Object, java.lang.Object, java.lang.Object, java.lang.Object, java.lang.Object, java.lang.Object, java.lang.Object, java.lang.Object, java.lang.Object, java.lang.Object, java.lang.Object, java.lang.Object, java.lang.Object, java.lang.Object, java.lang.Object, java.lang.O
Event: 36.829 Thread 0x0000019e52b64e40 Exception <a 'java/lang/NoSuchMethodError'{0x000000008450b618}: 'java.lang.Object java.lang.invoke.Invokers$Holder.invoker(java.lang.Object, java.lang.Object, java.lang.Object, java.lang.Object, java.lang.Object, java.lang.Object, java.lang.Object, java.lang.Object, java.lang.Object, java.lang.Object, java.lang.Object, java.lang.Object, java.lang.Object, java.lang.Object, java.lang.Object, java.lang.Object, java.lang.Object, java.lang.Object, java.lang.Object, java.lang.Object, java.lang.Object)'> (0x00000
Event: 36.829 Thread 0x0000019e52b64e40 Exception <a 'java/lang/NoSuchMethodError'{0x00000000845125a0}: 'java.lang.Object java.lang.invoke.DelegatingMethodHandle$Holder.delegate(java.lang.Object, java.lang.Object, java.lang.Object, java.lang.Object, java.lang.Object, java.lang.Object, java.lang.Object, java.lang.Object, java.lang.Object, java.lang.Object, java.lang.Object, java.lang.Object, java.lang.Object, java.lang.Object, java.lang.Object, java.lang.Object, java.lang.Object, java.lang.Object, java.lang.Object, java.lang.Object, java.lang.Obj
Event: 36.839 Thread 0x0000019e52b64e40 Exception <a 'java/lang/NoSuchMethodError'{0x00000000845d0458}: 'java.lang.Object java.lang.invoke.DirectMethodHandle$Holder.invokeStatic(java.lang.Object, java.lang.Object, java.lang.Object, java.lang.Object, java.lang.Object, java.lang.Object, java.lang.Object, java.lang.Object, java.lang.Object, java.lang.Object, java.lang.Object, java.lang.Object, java.lang.Object, java.lang.Object, java.lang.Object, java.lang.Object, java.lang.Object)'> (0x00000000845d0458) 
thrown [s\src\hotspot\share\interpreter\lin
Event: 36.843 Thread 0x0000019e52b64e40 Exception <a 'java/lang/NoSuchMethodError'{0x000000008440c010}: 'java.lang.Object java.lang.invoke.DirectMethodHandle$Holder.invokeStatic(java.lang.Object, java.lang.Object, java.lang.Object, java.lang.Object, java.lang.Object, java.lang.Object, java.lang.Object, java.lang.Object, java.lang.Object, java.lang.Object, java.lang.Object, java.lang.Object, java.lang.Object, java.lang.Object, java.lang.Object, java.lang.Object, java.lang.Object, java.lang.Object)'> (0x000000008440c010) 
thrown [s\src\hotspot\sha
Event: 36.846 Thread 0x0000019e52b64e40 Exception <a 'java/lang/NoSuchMethodError'{0x0000000084448768}: 'java.lang.Object java.lang.invoke.DirectMethodHandle$Holder.invokeStatic(java.lang.Object, java.lang.Object, java.lang.Object, java.lang.Object, java.lang.Object, java.lang.Object, java.lang.Object, java.lang.Object, java.lang.Object, java.lang.Object, java.lang.Object, java.lang.Object, java.lang.Object, java.lang.Object, java.lang.Object, java.lang.Object, java.lang.Object, java.lang.Object, java.lang.Object)'> (0x0000000084448768) 
thrown 
Event: 36.851 Thread 0x0000019e52b64e40 Exception <a 'java/lang/NoSuchMethodError'{0x0000000084486a48}: 'java.lang.Object java.lang.invoke.DirectMethodHandle$Holder.invokeStatic(java.lang.Object, java.lang.Object, java.lang.Object, java.lang.Object, java.lang.Object, java.lang.Object, java.lang.Object, java.lang.Object, java.lang.Object, java.lang.Object, java.lang.Object, java.lang.Object, java.lang.Object, java.lang.Object, java.lang.Object, java.lang.Object, java.lang.Object, java.lang.Object, java.lang.Object, java.lang.Object)'> (0x00000000
Event: 36.855 Thread 0x0000019e52b64e40 Exception <a 'java/lang/NoSuchMethodError'{0x00000000844c6120}: 'java.lang.Object java.lang.invoke.DirectMethodHandle$Holder.invokeStatic(java.lang.Object, java.lang.Object, java.lang.Object, java.lang.Object, java.lang.Object, java.lang.Object, java.lang.Object, java.lang.Object, java.lang.Object, java.lang.Object, java.lang.Object, java.lang.Object, java.lang.Object, java.lang.Object, java.lang.Object, java.lang.Object, java.lang.Object, java.lang.Object, java.lang.Object, java.lang.Object, java.lang.Obj
Event: 36.858 Thread 0x0000019e52b64e40 Exception <a 'java/lang/NoSuchMethodError'{0x0000000084306ce8}: 'java.lang.Object java.lang.invoke.DirectMethodHandle$Holder.invokeStatic(java.lang.Object, java.lang.Object, java.lang.Object, java.lang.Object, java.lang.Object, java.lang.Object, java.lang.Object, java.lang.Object, java.lang.Object, java.lang.Object, java.lang.Object, java.lang.Object, java.lang.Object, java.lang.Object, java.lang.Object, java.lang.Object, java.lang.Object, java.lang.Object, java.lang.Object, java.lang.Object, java.lang.Obj
Event: 36.860 Thread 0x0000019e52b64e40 Exception <a 'java/lang/NoSuchMethodError'{0x0000000084349480}: 'java.lang.Object java.lang.invoke.DirectMethodHandle$Holder.invokeStatic(java.lang.Object, java.lang.Object, java.lang.Object, java.lang.Object, java.lang.Object, java.lang.Object, java.lang.Object, java.lang.Object, java.lang.Object, java.lang.Object, java.lang.Object, java.lang.Object, java.lang.Object, java.lang.Object, java.lang.Object, java.lang.Object, java.lang.Object, java.lang.Object, java.lang.Object, java.lang.Object, java.lang.Obj
Event: 36.866 Thread 0x0000019e52b64e40 Exception <a 'java/lang/NoSuchMethodError'{0x000000008438dea0}: 'java.lang.Object java.lang.invoke.DirectMethodHandle$Holder.invokeStatic(java.lang.Object, java.lang.Object, java.lang.Object, java.lang.Object, java.lang.Object, java.lang.Object, java.lang.Object, java.lang.Object, java.lang.Object, java.lang.Object, java.lang.Object, java.lang.Object, java.lang.Object, java.lang.Object, java.lang.Object, java.lang.Object, java.lang.Object, java.lang.Object, java.lang.Object, java.lang.Object, java.lang.Obj
Event: 39.804 Thread 0x0000019e52b64e40 Implicit null exception at 0x0000019e3ffb9bef to 0x0000019e3ffba204
Event: 40.094 Thread 0x0000019e52b64e40 Exception <a 'sun/nio/fs/WindowsException'{0x0000000084a50750}> (0x0000000084a50750) 
thrown [s\src\hotspot\share\prims\jni.cpp, line 517]

VM Operations (20 events):
Event: 39.839 Executing VM operation: G1CollectForAllocation done
Event: 39.924 Executing VM operation: HandshakeAllThreads
Event: 39.924 Executing VM operation: HandshakeAllThreads done
Event: 39.924 Executing VM operation: HandshakeAllThreads
Event: 39.924 Executing VM operation: HandshakeAllThreads done
Event: 40.114 Executing VM operation: HandshakeAllThreads
Event: 40.114 Executing VM operation: HandshakeAllThreads done
Event: 40.174 Executing VM operation: HandshakeAllThreads
Event: 40.174 Executing VM operation: HandshakeAllThreads done
Event: 40.190 Executing VM operation: HandshakeAllThreads
Event: 40.190 Executing VM operation: HandshakeAllThreads done
Event: 40.332 Executing VM operation: HandshakeAllThreads
Event: 40.332 Executing VM operation: HandshakeAllThreads done
Event: 40.539 Executing VM operation: G1CollectForAllocation
Event: 40.548 Executing VM operation: G1CollectForAllocation done
Event: 41.153 Executing VM operation: HandshakeAllThreads
Event: 41.153 Executing VM operation: HandshakeAllThreads done
Event: 41.242 Executing VM operation: G1CollectForAllocation
Event: 41.252 Executing VM operation: G1CollectForAllocation done
Event: 41.789 Executing VM operation: G1CollectForAllocation

Events (20 events):
Event: 41.777 loading class javax/crypto/NullCipher done
Event: 41.777 loading class com/sun/crypto/provider/GaloisCounterMode$GCMDecrypt
Event: 41.778 loading class com/sun/crypto/provider/GaloisCounterMode$GCMEngine
Event: 41.778 loading class com/sun/crypto/provider/GaloisCounterMode$GCMEngine done
Event: 41.778 loading class com/sun/crypto/provider/GaloisCounterMode$GCMDecrypt done
Event: 41.778 loading class com/sun/crypto/provider/GCTR
Event: 41.779 loading class com/sun/crypto/provider/GCM
Event: 41.779 loading class com/sun/crypto/provider/GCM done
Event: 41.779 loading class com/sun/crypto/provider/CounterMode
Event: 41.779 loading class com/sun/crypto/provider/CounterMode done
Event: 41.779 loading class com/sun/crypto/provider/GCTR done
Event: 41.779 loading class com/sun/crypto/provider/GHASH
Event: 41.780 loading class com/sun/crypto/provider/GHASH done
Event: 41.785 loading class sun/security/ssl/EncryptedExtensions$EncryptedExtensionsMessage
Event: 41.785 loading class sun/security/ssl/EncryptedExtensions$EncryptedExtensionsMessage done
Event: 41.785 loading class sun/security/ssl/CertificateMessage$T13CertificateMessage
Event: 41.785 loading class sun/security/ssl/CertificateMessage$T13CertificateMessage done
Event: 41.786 loading class sun/security/ssl/CertificateMessage$CertificateEntry
Event: 41.786 loading class sun/security/ssl/CertificateMessage$CertificateEntry done
Event: 41.789 loading class javax/net/ssl/SSLEngine


Dynamic libraries:
0x00007ff7341b0000 - 0x00007ff7341ba000 	D:\App\Android\jbr\bin\java.exe
0x00007ffe3a8b0000 - 0x00007ffe3aaa8000 	C:\WINDOWS\SYSTEM32\ntdll.dll
0x00007ffe39110000 - 0x00007ffe391cf000 	C:\WINDOWS\System32\KERNEL32.DLL
0x00007ffe37f60000 - 0x00007ffe38256000 	C:\WINDOWS\System32\KERNELBASE.dll
0x00007ffe38700000 - 0x00007ffe38800000 	C:\WINDOWS\System32\ucrtbase.dll
0x00007ffe30c50000 - 0x00007ffe30c67000 	D:\App\Android\jbr\bin\jli.dll
0x00007ffe29830000 - 0x00007ffe2984b000 	D:\App\Android\jbr\bin\VCRUNTIME140.dll
0x00007ffe3a220000 - 0x00007ffe3a3bd000 	C:\WINDOWS\System32\USER32.dll
0x00007ffe38470000 - 0x00007ffe38492000 	C:\WINDOWS\System32\win32u.dll
0x00007ffe273b0000 - 0x00007ffe2764a000 	C:\WINDOWS\WinSxS\amd64_microsoft.windows.common-controls_6595b64144ccf1df_6.0.19041.1110_none_60b5254171f9507e\COMCTL32.dll
0x00007ffe3a430000 - 0x00007ffe3a45c000 	C:\WINDOWS\System32\GDI32.dll
0x00007ffe39b40000 - 0x00007ffe39bde000 	C:\WINDOWS\System32\msvcrt.dll
0x00007ffe384a0000 - 0x00007ffe385b5000 	C:\WINDOWS\System32\gdi32full.dll
0x00007ffe38630000 - 0x00007ffe386cd000 	C:\WINDOWS\System32\msvcp_win.dll
0x00007ffe39a50000 - 0x00007ffe39a80000 	C:\WINDOWS\System32\IMM32.DLL
0x00007ffe31230000 - 0x00007ffe3123c000 	D:\App\Android\jbr\bin\vcruntime140_1.dll
0x00007ffe1d510000 - 0x00007ffe1d59d000 	D:\App\Android\jbr\bin\msvcp140.dll
0x00007ffe05450000 - 0x00007ffe060bd000 	D:\App\Android\jbr\bin\server\jvm.dll
0x00007ffe3a5e0000 - 0x00007ffe3a68f000 	C:\WINDOWS\System32\ADVAPI32.dll
0x00007ffe39be0000 - 0x00007ffe39c7c000 	C:\WINDOWS\System32\sechost.dll
0x00007ffe39d30000 - 0x00007ffe39e56000 	C:\WINDOWS\System32\RPCRT4.dll
0x00007ffe30f50000 - 0x00007ffe30f59000 	C:\WINDOWS\SYSTEM32\WSOCK32.dll
0x00007ffe31c40000 - 0x00007ffe31c4a000 	C:\WINDOWS\SYSTEM32\VERSION.dll
0x00007ffe286e0000 - 0x00007ffe28707000 	C:\WINDOWS\SYSTEM32\WINMM.dll
0x00007ffe3a3c0000 - 0x00007ffe3a42b000 	C:\WINDOWS\System32\WS2_32.dll
0x00007ffe35ff0000 - 0x00007ffe36002000 	C:\WINDOWS\SYSTEM32\kernel.appcore.dll
0x00007ffe31210000 - 0x00007ffe3121a000 	D:\App\Android\jbr\bin\jimage.dll
0x00007ffe35bd0000 - 0x00007ffe35db4000 	C:\WINDOWS\SYSTEM32\DBGHELP.DLL
0x00007ffe2db60000 - 0x00007ffe2db94000 	C:\WINDOWS\SYSTEM32\dbgcore.DLL
0x00007ffe38800000 - 0x00007ffe38882000 	C:\WINDOWS\System32\bcryptPrimitives.dll
0x00007ffe31200000 - 0x00007ffe3120e000 	D:\App\Android\jbr\bin\instrument.dll
0x00007ffe30c70000 - 0x00007ffe30c95000 	D:\App\Android\jbr\bin\java.dll
0x00007ffe2e940000 - 0x00007ffe2e958000 	D:\App\Android\jbr\bin\zip.dll
0x00007ffe39300000 - 0x00007ffe39a44000 	C:\WINDOWS\System32\SHELL32.dll
0x00007ffe36010000 - 0x00007ffe367a3000 	C:\WINDOWS\SYSTEM32\windows.storage.dll
0x00007ffe38940000 - 0x00007ffe38c94000 	C:\WINDOWS\System32\combase.dll
0x00007ffe378d0000 - 0x00007ffe378fe000 	C:\WINDOWS\SYSTEM32\Wldp.dll
0x00007ffe39a90000 - 0x00007ffe39b3d000 	C:\WINDOWS\System32\SHCORE.dll
0x00007ffe3a460000 - 0x00007ffe3a4b5000 	C:\WINDOWS\System32\shlwapi.dll
0x00007ffe37ea0000 - 0x00007ffe37ebf000 	C:\WINDOWS\SYSTEM32\profapi.dll
0x00007ffe31160000 - 0x00007ffe31169000 	D:\App\Android\jbr\bin\management.dll
0x00007ffe30890000 - 0x00007ffe3089b000 	D:\App\Android\jbr\bin\management_ext.dll
0x00007ffe39e60000 - 0x00007ffe39e68000 	C:\WINDOWS\System32\PSAPI.DLL
0x00007ffe2e0e0000 - 0x00007ffe2e0f9000 	D:\App\Android\jbr\bin\net.dll
0x00007ffe2f910000 - 0x00007ffe2fa1a000 	C:\WINDOWS\SYSTEM32\WINHTTP.dll
0x00007ffe37630000 - 0x00007ffe3769a000 	C:\WINDOWS\system32\mswsock.dll
0x00007ffe2dd10000 - 0x00007ffe2dd26000 	D:\App\Android\jbr\bin\nio.dll
0x00007ffe07f30000 - 0x00007ffe07f47000 	C:\WINDOWS\system32\napinsp.dll
0x00007ffe07f50000 - 0x00007ffe07f6b000 	C:\WINDOWS\system32\pnrpnsp.dll
0x00007ffe25ac0000 - 0x00007ffe25ad5000 	C:\WINDOWS\system32\wshbth.dll
0x00007ffe323a0000 - 0x00007ffe323bd000 	C:\WINDOWS\system32\NLAapi.dll
0x00007ffe37320000 - 0x00007ffe3735c000 	C:\WINDOWS\SYSTEM32\IPHLPAPI.DLL
0x00007ffe37360000 - 0x00007ffe3742a000 	C:\WINDOWS\SYSTEM32\DNSAPI.dll
0x00007ffe39a80000 - 0x00007ffe39a88000 	C:\WINDOWS\System32\NSI.dll
0x00007ffe07f70000 - 0x00007ffe07f82000 	C:\WINDOWS\System32\winrnr.dll
0x00007ffe2db50000 - 0x00007ffe2db5a000 	C:\Windows\System32\rasadhlp.dll
0x00007ffe2e420000 - 0x00007ffe2e4a2000 	C:\WINDOWS\System32\fwpuclnt.dll
0x00007ffe386d0000 - 0x00007ffe386f7000 	C:\WINDOWS\System32\bcrypt.dll
0x00007ffe2e0d0000 - 0x00007ffe2e0e0000 	D:\App\Android\jbr\bin\verify.dll
0x00007ffe201e0000 - 0x00007ffe20207000 	C:\Users\Aurelio Lang\.gradle\native\68d5fa5c4cc2d200863cafc0d521ce42e7d3e7ee720ec0a83991735586a16f82\windows-amd64\native-platform.dll
0x00007ffe08c30000 - 0x00007ffe08d74000 	C:\Users\Aurelio Lang\.gradle\native\e376f236ea51e6404a007f0833ffe2c6e607c4080706a723a18a27aeea778392\windows-amd64\native-platform-file-events.dll
0x00007ffe37820000 - 0x00007ffe37838000 	C:\WINDOWS\SYSTEM32\CRYPTSP.dll
0x00007ffe36f50000 - 0x00007ffe36f84000 	C:\WINDOWS\system32\rsaenh.dll
0x00007ffe37e60000 - 0x00007ffe37e8e000 	C:\WINDOWS\SYSTEM32\USERENV.dll
0x00007ffe37840000 - 0x00007ffe3784c000 	C:\WINDOWS\SYSTEM32\CRYPTBASE.dll
0x00007ffe30fa0000 - 0x00007ffe30fb7000 	C:\WINDOWS\SYSTEM32\dhcpcsvc6.DLL
0x00007ffe31be0000 - 0x00007ffe31bfd000 	C:\WINDOWS\SYSTEM32\dhcpcsvc.DLL
0x00007ffe2dd00000 - 0x00007ffe2dd07000 	C:\WINDOWS\system32\wshunix.dll

dbghelp: loaded successfully - version: 4.0.5 - missing functions: none
symbol engine: initialized successfully - sym options: 0x614 - pdb path: .;D:\App\Android\jbr\bin;C:\WINDOWS\SYSTEM32;C:\WINDOWS\WinSxS\amd64_microsoft.windows.common-controls_6595b64144ccf1df_6.0.19041.1110_none_60b5254171f9507e;D:\App\Android\jbr\bin\server;C:\Users\Aurelio Lang\.gradle\native\68d5fa5c4cc2d200863cafc0d521ce42e7d3e7ee720ec0a83991735586a16f82\windows-amd64;C:\Users\Aurelio Lang\.gradle\native\e376f236ea51e6404a007f0833ffe2c6e607c4080706a723a18a27aeea778392\windows-amd64

VM Arguments:
jvm_args: --add-opens=java.base/java.util.concurrent.atomic=ALL-UNNAMED -javaagent:D:\App\Android\plugins\android\resources\trace_agent.jar=C:\Users\AURELI~1\AppData\Local\Temp\sync.trace.profile --add-opens=java.base/java.util=ALL-UNNAMED --add-opens=java.base/java.lang=ALL-UNNAMED --add-opens=java.base/java.lang.invoke=ALL-UNNAMED --add-opens=java.prefs/java.util.prefs=ALL-UNNAMED --add-opens=java.base/java.nio.charset=ALL-UNNAMED --add-opens=java.base/java.net=ALL-UNNAMED --add-opens=java.base/java.util.concurrent.atomic=ALL-UNNAMED -Xmx2048m -Dfile.encoding=UTF-8 -Duser.country=RU -Duser.language=ru -Duser.variant 
java_command: org.gradle.launcher.daemon.bootstrap.GradleDaemon 8.0
java_class_path (initial): C:\Users\Aurelio Lang\.gradle\wrapper\dists\gradle-8.0-bin\ca5e32bp14vu59qr306oxotwh\gradle-8.0\lib\gradle-launcher-8.0.jar
Launcher Type: SUN_STANDARD

[Global flags]
     intx CICompilerCount                          = 3                                         {product} {ergonomic}
     uint ConcGCThreads                            = 1                                         {product} {ergonomic}
     uint G1ConcRefinementThreads                  = 4                                         {product} {ergonomic}
   size_t G1HeapRegionSize                         = 1048576                                   {product} {ergonomic}
    uintx GCDrainStackTargetSize                   = 64                                        {product} {ergonomic}
   size_t InitialHeapSize                          = 100663296                                 {product} {ergonomic}
   size_t MarkStackSize                            = 4194304                                   {product} {ergonomic}
   size_t MaxHeapSize                              = 2147483648                                {product} {command line}
   size_t MaxNewSize                               = 1287651328                                {product} {ergonomic}
   size_t MinHeapDeltaBytes                        = 1048576                                   {product} {ergonomic}
   size_t MinHeapSize                              = 8388608                                   {product} {ergonomic}
    uintx NonNMethodCodeHeapSize                   = 5832780                                {pd product} {ergonomic}
    uintx NonProfiledCodeHeapSize                  = 122912730                              {pd product} {ergonomic}
    uintx ProfiledCodeHeapSize                     = 122912730                              {pd product} {ergonomic}
    uintx ReservedCodeCacheSize                    = 251658240                              {pd product} {ergonomic}
     bool SegmentedCodeCache                       = true                                      {product} {ergonomic}
   size_t SoftMaxHeapSize                          = 2147483648                             {manageable} {ergonomic}
     bool UseCompressedClassPointers               = true                           {product lp64_product} {ergonomic}
     bool UseCompressedOops                        = true                           {product lp64_product} {ergonomic}
     bool UseG1GC                                  = true                                      {product} {ergonomic}
     bool UseLargePagesIndividualAllocation        = false                                  {pd product} {ergonomic}

Logging:
Log output configuration:
 #0: stdout all=warning uptime,level,tags
 #1: stderr all=off uptime,level,tags

Environment Variables:
PATH=C:\Program Files\Common Files\Oracle\Java\javapath;C:\WINDOWS\system32;C:\WINDOWS;C:\WINDOWS\System32\Wbem;C:\WINDOWS\System32\WindowsPowerShell\v1.0\;C:\WINDOWS\System32\OpenSSH\;C:\Program Files\Git\cmd;D:\App\python;;C:\Program Files (x86)\NVIDIA Corporation\PhysX\Common;C:\Users\Aurelio Lang\AppData\Local\Microsoft\WindowsApps;;D:\App\Java IDEA\IntelliJ IDEA Community Edition 2022.3.3\bin;D:\App\AndroidSDK;
USERNAME=Aurelio Lang
OS=Windows_NT
PROCESSOR_IDENTIFIER=Intel64 Family 6 Model 69 Stepping 1, GenuineIntel
TMP=C:\Users\AURELI~1\AppData\Local\Temp
TEMP=C:\Users\AURELI~1\AppData\Local\Temp



---------------  S Y S T E M  ---------------

OS:
 Windows 10 , 64 bit Build 19041 (10.0.19041.3031)
OS uptime: 2 days 2:23 hours

CPU: total 4 (initial active 4) (2 cores per cpu, 2 threads per core) family 6 model 69 stepping 1 microcode 0x25, cx8, cmov, fxsr, ht, mmx, sse, sse2, sse3, ssse3, sse4.1, sse4.2, popcnt, lzcnt, tsc, tscinvbit, avx, avx2, aes, erms, clmul, bmi1, bmi2, fma, vzeroupper, clflush

Memory: 4k page, system-wide physical 6027M (348M free)
TotalPageFile size 9099M (AvailPageFile size 11M)
current process WorkingSet (physical memory assigned to process): 250M, peak: 250M
current process commit charge ("private bytes"): 286M, peak: 330M

vm_info: OpenJDK 64-Bit Server VM (17.0.6+0-b2043.56-9586694) for windows-amd64 JRE (17.0.6+0-b2043.56-9586694), built on Feb  9 2023 20:06:20 by "androidbuild" with MS VC++ 16.10 / 16.11 (VS2019)

END.
